Determining if the pthread_create exist failed with the following output:
Change Dir: /duckietown/custom_ws/build/CMakeFiles/CMakeTmp

Run Build Command:"/usr/bin/make" "cmTC_d33da/fast"
/usr/bin/make -f CMakeFiles/cmTC_d33da.dir/build.make CMakeFiles/cmTC_d33da.dir/build
make[1]: Entering directory '/duckietown/custom_ws/build/CMakeFiles/CMakeTmp'
Building C object CMakeFiles/cmTC_d33da.dir/CheckSymbolExists.c.o
/usr/bin/cc    -o CMakeFiles/cmTC_d33da.dir/CheckSymbolExists.c.o   -c /duckietown/custom_ws/build/CMakeFiles/CMakeTmp/CheckSymbolExists.c
Linking C executable cmTC_d33da
/usr/bin/cmake -E cmake_link_script CMakeFiles/cmTC_d33da.dir/link.txt --verbose=1
/usr/bin/cc      -rdynamic CMakeFiles/cmTC_d33da.dir/CheckSymbolExists.c.o  -o cmTC_d33da 
CMakeFiles/cmTC_d33da.dir/CheckSymbolExists.c.o: In function `main':
CheckSymbolExists.c:(.text+0x1b): undefined reference to `pthread_create'
collect2: error: ld returned 1 exit status
CMakeFiles/cmTC_d33da.dir/build.make:97: recipe for target 'cmTC_d33da' failed
make[1]: *** [cmTC_d33da] Error 1
make[1]: Leaving directory '/duckietown/custom_ws/build/CMakeFiles/CMakeTmp'
Makefile:126: recipe for target 'cmTC_d33da/fast' failed
make: *** [cmTC_d33da/fast] Error 2

File /duckietown/custom_ws/build/CMakeFiles/CMakeTmp/CheckSymbolExists.c:
/* */
#include <pthread.h>

int main(int argc, char** argv)
{
  (void)argv;
#ifndef pthread_create
  return ((int*)(&pthread_create))[argc];
#else
  (void)argc;
  return 0;
#endif
}

Determining if the function pthread_create exists in the pthreads failed with the following output:
Change Dir: /duckietown/custom_ws/build/CMakeFiles/CMakeTmp

Run Build Command:"/usr/bin/make" "cmTC_9430f/fast"
/usr/bin/make -f CMakeFiles/cmTC_9430f.dir/build.make CMakeFiles/cmTC_9430f.dir/build
make[1]: Entering directory '/duckietown/custom_ws/build/CMakeFiles/CMakeTmp'
Building C object CMakeFiles/cmTC_9430f.dir/CheckFunctionExists.c.o
/usr/bin/cc   -DCHECK_FUNCTION_EXISTS=pthread_create   -o CMakeFiles/cmTC_9430f.dir/CheckFunctionExists.c.o   -c /usr/share/cmake-3.10/Modules/CheckFunctionExists.c
Linking C executable cmTC_9430f
/usr/bin/cmake -E cmake_link_script CMakeFiles/cmTC_9430f.dir/link.txt --verbose=1
/usr/bin/cc  -DCHECK_FUNCTION_EXISTS=pthread_create    -rdynamic CMakeFiles/cmTC_9430f.dir/CheckFunctionExists.c.o  -o cmTC_9430f -lpthreads 
/usr/bin/ld: cannot find -lpthreads
collect2: error: ld returned 1 exit status
CMakeFiles/cmTC_9430f.dir/build.make:97: recipe for target 'cmTC_9430f' failed
make[1]: *** [cmTC_9430f] Error 1
make[1]: Leaving directory '/duckietown/custom_ws/build/CMakeFiles/CMakeTmp'
Makefile:126: recipe for target 'cmTC_9430f/fast' failed
make: *** [cmTC_9430f/fast] Error 2


